Created by PLY version 3.11 (http://www.dabeaz.com/ply)

Unused terminals:

    ARC
    CHAR_TYPE
    CIRCLE
    COLOR
    COMMENT
    FLOAT_TYPE
    GTE_LOG
    INT_TYPE
    LINE
    LTE_LOG
    NEW_LINE
    PENDOWN
    PENUP
    POINT
    SIZE

Grammar

Rule 0     S' -> program
Rule 1     program -> PROGRAM ID SEMIC dec_var_gob def_funciones main
Rule 2     dec_var_gob -> VARS tipos COLON lista_ids SEMIC dec_var_aux
Rule 3     dec_var_gob -> empty
Rule 4     dec_var_aux -> tipos COLON lista_ids SEMIC dec_var_aux
Rule 5     dec_var_aux -> empty
Rule 6     lista_ids -> ID lista_aux lista_aux_b
Rule 7     lista_aux -> LBRACK INT_CTE RBRACK
Rule 8     lista_aux -> empty
Rule 9     lista_aux_b -> COMMA lista_ids
Rule 10    lista_aux_b -> empty
Rule 11    tipos -> INT_CTE
Rule 12    tipos -> FLOAT_CTE
Rule 13    tipos -> CHAR_CTE
Rule 14    def_funciones -> FUNCTION tipos_func ID LPAREN parametros RPAREN SEMIC dec_var_loc bloque
Rule 15    def_funciones -> empty
Rule 16    tipos_func -> INT_CTE
Rule 17    tipos_func -> FLOAT_CTE
Rule 18    tipos_func -> CHAR_CTE
Rule 19    tipos_func -> VOID
Rule 20    dec_var_loc -> VARS tipos COLON ID dec_var_loc_aux SEMIC var_loc_rec
Rule 21    dec_var_loc -> empty
Rule 22    dec_var_loc_aux -> COMMA ID dec_var_loc_aux
Rule 23    dec_var_loc_aux -> empty
Rule 24    var_loc_rec -> tipos COLON ID dec_var_loc_aux SEMIC var_loc_rec
Rule 25    var_loc_rec -> empty
Rule 26    parametros -> tipos COLON ID param_aux
Rule 27    param_aux -> COMMA parametros
Rule 28    param_aux -> empty
Rule 29    main -> MAIN LPAREN RPAREN bloque
Rule 30    bloque -> LCURLY estatutos estatu_rec RCURLY
Rule 31    estatu_rec -> estatutos estatu_rec
Rule 32    estatu_rec -> empty
Rule 33    estatutos -> asignacion
Rule 34    estatutos -> llamada_func
Rule 35    estatutos -> llamada_void
Rule 36    estatutos -> retorno
Rule 37    estatutos -> lectura
Rule 38    estatutos -> escritura
Rule 39    estatutos -> decision
Rule 40    estatutos -> loop_cond
Rule 41    estatutos -> loop_no_cond
Rule 42    estatutos -> expresiones
Rule 43    estatutos -> empty
Rule 44    asignacion -> ID ASSIGN expresiones
Rule 45    llamada_func -> ID LPAREN llamada_func_aux RPAREN SEMIC
Rule 46    llamada_func_aux -> ID llama_func_auxb
Rule 47    llamada_func_aux -> empty
Rule 48    llama_func_auxb -> COMMA llamada_func_aux
Rule 49    llama_func_auxb -> empty
Rule 50    llamada_void -> ID LPAREN llamada_void_aux RPAREN SEMIC
Rule 51    llamada_void_aux -> ID llama_void_auxb
Rule 52    llamada_void_aux -> empty
Rule 53    llama_void_auxb -> COMMA llamada_func_aux
Rule 54    llama_void_auxb -> empty
Rule 55    retorno -> RETURN LPAREN expresiones RPAREN SEMIC
Rule 56    lectura -> READ LPAREN ID lec_aux RPAREN SEMIC
Rule 57    lec_aux -> COMMA ID lec_aux
Rule 58    lec_aux -> empty
Rule 59    escritura -> WRITE LPAREN esc_aux RPAREN SEMIC
Rule 60    esc_aux -> STRING_CTE esc_rec
Rule 61    esc_aux -> expresiones esc_rec
Rule 62    esc_aux -> empty
Rule 63    esc_rec -> COMMA esc_aux
Rule 64    esc_rec -> empty
Rule 65    decision -> IF LPAREN expresiones RPAREN THEN bloque dec_aux
Rule 66    dec_aux -> else
Rule 67    dec_aux -> empty
Rule 68    else -> ELSE bloque
Rule 69    loop_cond -> WHILE LPAREN expresiones RPAREN DO bloque
Rule 70    loop_no_cond -> FOR ID nocond_aux ASSIGN expresiones TO expresiones DO bloque
Rule 71    nocond_aux -> LBRACK expresiones RBRACK
Rule 72    nocond_aux -> empty
Rule 73    expresiones -> t_exp or_check
Rule 74    or_check -> OR_LOG expresiones
Rule 75    or_check -> empty
Rule 76    t_exp -> g_exp and_check
Rule 77    and_check -> AND_LOG t_exp
Rule 78    and_check -> empty
Rule 79    g_exp -> m_exp op_check
Rule 80    op_check -> empty
Rule 81    op_check -> comparacion m_exp
Rule 82    comparacion -> GT_LOG
Rule 83    comparacion -> LT_LOG
Rule 84    comparacion -> EQUAL_LOG
Rule 85    comparacion -> NE_LOG
Rule 86    m_exp -> termino m_rec
Rule 87    m_rec -> PLUS_OP m_exp pn_expresion1
Rule 88    m_rec -> MINUS_OP m_exp pn_expresion1
Rule 89    m_rec -> empty
Rule 90    termino -> factor term_rec
Rule 91    term_rec -> MULT_OP pn_expresion2 termino
Rule 92    term_rec -> DIV_OP pn_expresion2 termino
Rule 93    term_rec -> empty
Rule 94    factor -> LPAREN expresiones RPAREN
Rule 95    factor -> INT_CTE
Rule 96    factor -> FLOAT_CTE
Rule 97    factor -> ID
Rule 98    factor -> llamada_func
Rule 99    empty -> <empty>

Terminals, with rules where they appear

AND_LOG              : 77
ARC                  : 
ASSIGN               : 44 70
CHAR_CTE             : 13 18
CHAR_TYPE            : 
CIRCLE               : 
COLON                : 2 4 20 24 26
COLOR                : 
COMMA                : 9 22 27 48 53 57 63
COMMENT              : 
DIV_OP               : 92
DO                   : 69 70
ELSE                 : 68
EQUAL_LOG            : 84
FLOAT_CTE            : 12 17 96
FLOAT_TYPE           : 
FOR                  : 70
FUNCTION             : 14
GTE_LOG              : 
GT_LOG               : 82
ID                   : 1 6 14 20 22 24 26 44 45 46 50 51 56 57 70 97
IF                   : 65
INT_CTE              : 7 11 16 95
INT_TYPE             : 
LBRACK               : 7 71
LCURLY               : 30
LINE                 : 
LPAREN               : 14 29 45 50 55 56 59 65 69 94
LTE_LOG              : 
LT_LOG               : 83
MAIN                 : 29
MINUS_OP             : 88
MULT_OP              : 91
NEW_LINE             : 
NE_LOG               : 85
OR_LOG               : 74
PENDOWN              : 
PENUP                : 
PLUS_OP              : 87
POINT                : 
PROGRAM              : 1
RBRACK               : 7 71
RCURLY               : 30
READ                 : 56
RETURN               : 55
RPAREN               : 14 29 45 50 55 56 59 65 69 94
SEMIC                : 1 2 4 14 20 24 45 50 55 56 59
SIZE                 : 
STRING_CTE           : 60
THEN                 : 65
TO                   : 70
VARS                 : 2 20
VOID                 : 19
WHILE                : 69
WRITE                : 59
error                : 

Nonterminals, with rules where they appear

and_check            : 76
asignacion           : 33
bloque               : 14 29 65 68 69 70
comparacion          : 81
dec_aux              : 65
dec_var_aux          : 2 4
dec_var_gob          : 1
dec_var_loc          : 14
dec_var_loc_aux      : 20 22 24
decision             : 39
def_funciones        : 1
else                 : 66
empty                : 3 5 8 10 15 21 23 25 28 32 43 47 49 52 54 58 62 64 67 72 75 78 80 89 93
esc_aux              : 59 63
esc_rec              : 60 61
escritura            : 38
estatu_rec           : 30 31
estatutos            : 30 31
expresiones          : 42 44 55 61 65 69 70 70 71 74 94
factor               : 90
g_exp                : 76
lec_aux              : 56 57
lectura              : 37
lista_aux            : 6
lista_aux_b          : 6
lista_ids            : 2 4 9
llama_func_auxb      : 46
llama_void_auxb      : 51
llamada_func         : 34 98
llamada_func_aux     : 45 48 53
llamada_void         : 35
llamada_void_aux     : 50
loop_cond            : 40
loop_no_cond         : 41
m_exp                : 79 81 87 88
m_rec                : 86
main                 : 1
nocond_aux           : 70
op_check             : 79
or_check             : 73
param_aux            : 26
parametros           : 14 27
pn_expresion1        : 87 88
pn_expresion2        : 91 92
program              : 0
retorno              : 36
t_exp                : 73 77
term_rec             : 90
termino              : 86 91 92
tipos                : 2 4 20 24 26
tipos_func           : 14
var_loc_rec          : 20 24

